-Xajruntimetarget:1.5
-encoding
UTF-8
-showWeaveInfo
-source
19.0
-target
19.0
-verbose
-classpath
/Users/jackkilrain/Desktop/Projects/Java/Conduit/schema-merger/target/schema-merger-0.1.0.jar:/Users/jackkilrain/.m2/repository/org/jctools/jctools-core/4.0.1/jctools-core-4.0.1.jar:/Users/jackkilrain/.m2/repository/org/jgrapht/jgrapht-core/1.5.2/jgrapht-core-1.5.2.jar:/Users/jackkilrain/.m2/repository/org/jheaps/jheaps/0.14/jheaps-0.14.jar:/Users/jackkilrain/.m2/repository/org/apfloat/apfloat/1.10.1/apfloat-1.10.1.jar:/Users/jackkilrain/.m2/repository/org/jeasy/easy-batch-core/7.0.2/easy-batch-core-7.0.2.jar:/Users/jackkilrain/.m2/repository/org/slf4j/slf4j-api/1.7.30/slf4j-api-1.7.30.jar:/Users/jackkilrain/.m2/repository/org/jeasy/easy-batch-integration/7.0.2/easy-batch-integration-7.0.2.jar:/Users/jackkilrain/.m2/repository/org/jeasy/easy-batch-jms/7.0.2/easy-batch-jms-7.0.2.jar:/Users/jackkilrain/.m2/repository/net/jodah/typetools/0.6.3/typetools-0.6.3.jar:/Users/jackkilrain/.m2/repository/org/aspectj/aspectjrt/1.9.19/aspectjrt-1.9.19.jar:/Users/jackkilrain/.m2/repository/org/aspectj/aspectjweaver/1.9.19/aspectjweaver-1.9.19.jar:/Users/jackkilrain/.m2/repository/com/networknt/json-schema-validator/1.0.86/json-schema-validator-1.0.86.jar:/Users/jackkilrain/.m2/repository/com/ethlo/time/itu/1.7.0/itu-1.7.0.jar:/Users/jackkilrain/.m2/repository/com/fasterxml/jackson/dataformat/jackson-dataformat-yaml/2.15.2/jackson-dataformat-yaml-2.15.2.jar:/Users/jackkilrain/.m2/repository/org/yaml/snakeyaml/2.0/snakeyaml-2.0.jar:/Users/jackkilrain/.m2/repository/io/riemann/riemann-java-client/0.5.3/riemann-java-client-0.5.3.jar:/Users/jackkilrain/.m2/repository/com/google/protobuf/protobuf-java/3.16.1/protobuf-java-3.16.1.jar:/Users/jackkilrain/.m2/repository/io/netty/netty-codec/4.1.28.Final/netty-codec-4.1.28.Final.jar:/Users/jackkilrain/.m2/repository/io/netty/netty-handler/4.1.28.Final/netty-handler-4.1.28.Final.jar:/Users/jackkilrain/.m2/repository/io/netty/netty-buffer/4.1.28.Final/netty-buffer-4.1.28.Final.jar:/Users/jackkilrain/.m2/repository/io/netty/netty-common/4.1.28.Final/netty-common-4.1.28.Final.jar:/Users/jackkilrain/.m2/repository/io/netty/netty-transport/4.1.28.Final/netty-transport-4.1.28.Final.jar:/Users/jackkilrain/.m2/repository/io/netty/netty-resolver/4.1.28.Final/netty-resolver-4.1.28.Final.jar:/Users/jackkilrain/.m2/repository/javax/xml/bind/jaxb-api/2.4.0-b180830.0359/jaxb-api-2.4.0-b180830.0359.jar:/Users/jackkilrain/.m2/repository/javax/activation/javax.activation-api/1.2.0/javax.activation-api-1.2.0.jar:/Users/jackkilrain/.m2/repository/com/fasterxml/jackson/core/jackson-databind/2.14.0/jackson-databind-2.14.0.jar:/Users/jackkilrain/.m2/repository/com/fasterxml/jackson/core/jackson-annotations/2.14.0/jackson-annotations-2.14.0.jar:/Users/jackkilrain/.m2/repository/com/fasterxml/jackson/core/jackson-core/2.14.0/jackson-core-2.14.0.jar:/Users/jackkilrain/.m2/repository/com/fasterxml/jackson/module/jackson-module-parameter-names/2.14.0/jackson-module-parameter-names-2.14.0.jar:/Users/jackkilrain/.m2/repository/com/fasterxml/jackson/datatype/jackson-datatype-jsr310/2.14.0/jackson-datatype-jsr310-2.14.0.jar:/Users/jackkilrain/.m2/repository/com/fasterxml/jackson/datatype/jackson-datatype-jdk8/2.14.0/jackson-datatype-jdk8-2.14.0.jar:/Users/jackkilrain/.m2/repository/com/hubspot/jackson/jackson-datatype-protobuf/0.9.14/jackson-datatype-protobuf-0.9.14.jar:/Users/jackkilrain/.m2/repository/com/google/protobuf/protobuf-java-util/3.19.3/protobuf-java-util-3.19.3.jar:/Users/jackkilrain/.m2/repository/com/google/code/gson/gson/2.8.6/gson-2.8.6.jar:/Users/jackkilrain/.m2/repository/com/google/code/findbugs/annotations/3.0.1/annotations-3.0.1.jar:/Users/jackkilrain/.m2/repository/com/jayway/jsonpath/json-path/2.8.0/json-path-2.8.0.jar:/Users/jackkilrain/.m2/repository/com/github/java-json-tools/json-patch/1.13/json-patch-1.13.jar:/Users/jackkilrain/.m2/repository/com/github/java-json-tools/msg-simple/1.2/msg-simple-1.2.jar:/Users/jackkilrain/.m2/repository/com/github/java-json-tools/btf/1.3/btf-1.3.jar:/Users/jackkilrain/.m2/repository/com/github/java-json-tools/jackson-coreutils/2.0/jackson-coreutils-2.0.jar:/Users/jackkilrain/.m2/repository/org/reflections/reflections/0.10.2/reflections-0.10.2.jar:/Users/jackkilrain/.m2/repository/org/javassist/javassist/3.28.0-GA/javassist-3.28.0-GA.jar:/Users/jackkilrain/.m2/repository/com/google/code/findbugs/jsr305/3.0.2/jsr305-3.0.2.jar:/Users/jackkilrain/.m2/repository/org/apache/logging/log4j/log4j-api/2.20.0/log4j-api-2.20.0.jar:/Users/jackkilrain/.m2/repository/org/apache/logging/log4j/log4j-core/2.20.0/log4j-core-2.20.0.jar:/Users/jackkilrain/.m2/repository/org/apache/logging/log4j/log4j-slf4j-impl/2.20.0/log4j-slf4j-impl-2.20.0.jar:/Users/jackkilrain/.m2/repository/commons-io/commons-io/2.11.0/commons-io-2.11.0.jar:/Users/jackkilrain/.m2/repository/org/apache/commons/commons-collections4/4.4/commons-collections4-4.4.jar:/Users/jackkilrain/.m2/repository/org/eclipse/collections/eclipse-collections-api/11.1.0/eclipse-collections-api-11.1.0.jar:/Users/jackkilrain/.m2/repository/org/eclipse/collections/eclipse-collections/11.1.0/eclipse-collections-11.1.0.jar:/Users/jackkilrain/.m2/repository/com/fasterxml/jackson/datatype/jackson-datatype-eclipse-collections/2.15.2/jackson-datatype-eclipse-collections-2.15.2.jar:/Users/jackkilrain/.m2/repository/com/google/guava/guava/31.1-jre/guava-31.1-jre.jar:/Users/jackkilrain/.m2/repository/com/google/guava/failureaccess/1.0.1/failureaccess-1.0.1.jar:/Users/jackkilrain/.m2/repository/com/google/guava/listenablefuture/9999.0-empty-to-avoid-conflict-with-guava/listenablefuture-9999.0-empty-to-avoid-conflict-with-guava.jar:/Users/jackkilrain/.m2/repository/org/checkerframework/checker-qual/3.12.0/checker-qual-3.12.0.jar:/Users/jackkilrain/.m2/repository/com/google/errorprone/error_prone_annotations/2.11.0/error_prone_annotations-2.11.0.jar:/Users/jackkilrain/.m2/repository/com/google/j2objc/j2objc-annotations/1.3/j2objc-annotations-1.3.jar:/Users/jackkilrain/.m2/repository/org/apache/commons/commons-lang3/3.12.0/commons-lang3-3.12.0.jar:/Users/jackkilrain/.m2/repository/org/luaj/luaj-jse/3.0.1/luaj-jse-3.0.1.jar:/Users/jackkilrain/.m2/repository/org/apache/bcel/bcel/6.7.0/bcel-6.7.0.jar:/Users/jackkilrain/.m2/repository/org/apache/maven/plugins/maven-shade-plugin/3.5.0/maven-shade-plugin-3.5.0.jar:/Users/jackkilrain/.m2/repository/org/codehaus/plexus/plexus-utils/3.5.1/plexus-utils-3.5.1.jar:/Users/jackkilrain/.m2/repository/org/ow2/asm/asm/9.5/asm-9.5.jar:/Users/jackkilrain/.m2/repository/org/ow2/asm/asm-commons/9.5/asm-commons-9.5.jar:/Users/jackkilrain/.m2/repository/org/ow2/asm/asm-tree/9.5/asm-tree-9.5.jar:/Users/jackkilrain/.m2/repository/org/jdom/jdom2/2.0.6.1/jdom2-2.0.6.1.jar:/Users/jackkilrain/.m2/repository/org/apache/maven/shared/maven-dependency-tree/3.2.1/maven-dependency-tree-3.2.1.jar:/Users/jackkilrain/.m2/repository/org/eclipse/aether/aether-util/1.0.0.v20140518/aether-util-1.0.0.v20140518.jar:/Users/jackkilrain/.m2/repository/org/eclipse/aether/aether-api/1.0.0.v20140518/aether-api-1.0.0.v20140518.jar:/Users/jackkilrain/.m2/repository/org/vafer/jdependency/2.8.0/jdependency-2.8.0.jar:/Users/jackkilrain/.m2/repository/org/apache/maven/maven-plugin-api/3.8.4/maven-plugin-api-3.8.4.jar:/Users/jackkilrain/.m2/repository/org/apache/maven/maven-model/3.8.4/maven-model-3.8.4.jar:/Users/jackkilrain/.m2/repository/org/apache/maven/maven-artifact/3.8.4/maven-artifact-3.8.4.jar:/Users/jackkilrain/.m2/repository/org/eclipse/sisu/org.eclipse.sisu.plexus/0.3.5/org.eclipse.sisu.plexus-0.3.5.jar:/Users/jackkilrain/.m2/repository/javax/annotation/javax.annotation-api/1.2/javax.annotation-api-1.2.jar:/Users/jackkilrain/.m2/repository/org/codehaus/plexus/plexus-classworlds/2.6.0/plexus-classworlds-2.6.0.jar:/Users/jackkilrain/.m2/repository/org/apache/maven/maven-core/3.8.4/maven-core-3.8.4.jar:/Users/jackkilrain/.m2/repository/org/apache/maven/maven-settings/3.8.4/maven-settings-3.8.4.jar:/Users/jackkilrain/.m2/repository/org/apache/maven/maven-settings-builder/3.8.4/maven-settings-builder-3.8.4.jar:/Users/jackkilrain/.m2/repository/org/codehaus/plexus/plexus-sec-dispatcher/2.0/plexus-sec-dispatcher-2.0.jar:/Users/jackkilrain/.m2/repository/org/codehaus/plexus/plexus-cipher/2.0/plexus-cipher-2.0.jar:/Users/jackkilrain/.m2/repository/org/apache/maven/maven-builder-support/3.8.4/maven-builder-support-3.8.4.jar:/Users/jackkilrain/.m2/repository/org/apache/maven/maven-repository-metadata/3.8.4/maven-repository-metadata-3.8.4.jar:/Users/jackkilrain/.m2/repository/org/apache/maven/maven-model-builder/3.8.4/maven-model-builder-3.8.4.jar:/Users/jackkilrain/.m2/repository/org/apache/maven/maven-resolver-provider/3.8.4/maven-resolver-provider-3.8.4.jar:/Users/jackkilrain/.m2/repository/org/apache/maven/resolver/maven-resolver-impl/1.6.3/maven-resolver-impl-1.6.3.jar:/Users/jackkilrain/.m2/repository/org/apache/maven/resolver/maven-resolver-api/1.6.3/maven-resolver-api-1.6.3.jar:/Users/jackkilrain/.m2/repository/org/apache/maven/resolver/maven-resolver-spi/1.6.3/maven-resolver-spi-1.6.3.jar:/Users/jackkilrain/.m2/repository/org/apache/maven/resolver/maven-resolver-util/1.6.3/maven-resolver-util-1.6.3.jar:/Users/jackkilrain/.m2/repository/org/apache/maven/shared/maven-shared-utils/3.3.4/maven-shared-utils-3.3.4.jar:/Users/jackkilrain/.m2/repository/org/eclipse/sisu/org.eclipse.sisu.inject/0.3.5/org.eclipse.sisu.inject-0.3.5.jar:/Users/jackkilrain/.m2/repository/com/google/inject/guice/4.2.2/guice-4.2.2-no_aop.jar:/Users/jackkilrain/.m2/repository/aopalliance/aopalliance/1.0/aopalliance-1.0.jar:/Users/jackkilrain/.m2/repository/javax/inject/javax.inject/1/javax.inject-1.jar:/Users/jackkilrain/.m2/repository/org/codehaus/plexus/plexus-interpolation/1.26/plexus-interpolation-1.26.jar:/Users/jackkilrain/.m2/repository/org/codehaus/plexus/plexus-component-annotations/2.1.0/plexus-component-annotations-2.1.0.jar:/Users/jackkilrain/.m2/repository/org/apache/maven/plugin-tools/maven-plugin-annotations/3.6.4/maven-plugin-annotations-3.6.4.jar:/Users/jackkilrain/.m2/repository/com/typesafe/config/1.4.2/config-1.4.2.jar:/Users/jackkilrain/.m2/repository/org/junit/jupiter/junit-jupiter-engine/5.8.2/junit-jupiter-engine-5.8.2.jar:/Users/jackkilrain/Desktop/Projects/Java/Conduit/core/target/classes
-d
/Users/jackkilrain/Desktop/Projects/Java/Conduit/core/target/classes
-s
/Users/jackkilrain/Desktop/Projects/Java/Conduit/core/target/generated-sources/aspectj-maven-plugin
/Users/jackkilrain/Desktop/Projects/Java/Conduit/core/src/main/java/com/engineersbox/conduit/core/util/ObjectMapperModule.java
/Users/jackkilrain/Desktop/Projects/Java/Conduit/core/src/main/java/com/engineersbox/conduit/core/util/Functional.java
/Users/jackkilrain/Desktop/Projects/Java/Conduit/core/src/main/java/com/engineersbox/conduit/core/config/ConfigFactory.java
/Users/jackkilrain/Desktop/Projects/Java/Conduit/core/src/main/java/com/engineersbox/conduit/core/config/ConduitConfig.java
/Users/jackkilrain/Desktop/Projects/Java/Conduit/core/src/main/java/com/engineersbox/conduit/core/processing/pipeline/Pipeline.java
/Users/jackkilrain/Desktop/Projects/Java/Conduit/core/src/main/java/com/engineersbox/conduit/core/processing/pipeline/StageResult.java
/Users/jackkilrain/Desktop/Projects/Java/Conduit/core/src/main/java/com/engineersbox/conduit/core/processing/pipeline/ProcessingModel.java
/Users/jackkilrain/Desktop/Projects/Java/Conduit/core/src/main/java/com/engineersbox/conduit/core/processing/pipeline/core/TerminatingPipelineStage.java
/Users/jackkilrain/Desktop/Projects/Java/Conduit/core/src/main/java/com/engineersbox/conduit/core/processing/pipeline/core/IdempotentPipelineStage.java
/Users/jackkilrain/Desktop/Projects/Java/Conduit/core/src/main/java/com/engineersbox/conduit/core/processing/pipeline/core/ProcessPipelineStage.java
/Users/jackkilrain/Desktop/Projects/Java/Conduit/core/src/main/java/com/engineersbox/conduit/core/processing/pipeline/core/FilterPipelineStage.java
/Users/jackkilrain/Desktop/Projects/Java/Conduit/core/src/main/java/com/engineersbox/conduit/core/processing/pipeline/PipelineFactory.java
/Users/jackkilrain/Desktop/Projects/Java/Conduit/core/src/main/java/com/engineersbox/conduit/core/processing/pipeline/InvocableStage.java
/Users/jackkilrain/Desktop/Projects/Java/Conduit/core/src/main/java/com/engineersbox/conduit/core/processing/pipeline/PipelineStage.java
/Users/jackkilrain/Desktop/Projects/Java/Conduit/core/src/main/java/com/engineersbox/conduit/core/processing/pipeline/lua/PreProcessFilterPipelineStage.java
/Users/jackkilrain/Desktop/Projects/Java/Conduit/core/src/main/java/com/engineersbox/conduit/core/processing/pipeline/lua/EventBatch.java
/Users/jackkilrain/Desktop/Projects/Java/Conduit/core/src/main/java/com/engineersbox/conduit/core/processing/pipeline/lua/HandlerSaturationPipelineStage.java
/Users/jackkilrain/Desktop/Projects/Java/Conduit/core/src/main/java/com/engineersbox/conduit/core/processing/pipeline/lua/AdapterProcessPipelineStage.java
/Users/jackkilrain/Desktop/Projects/Java/Conduit/core/src/main/java/com/engineersbox/conduit/core/processing/pipeline/lua/PostProcessFilterPipelineStage.java
/Users/jackkilrain/Desktop/Projects/Java/Conduit/core/src/main/java/com/engineersbox/conduit/core/processing/pipeline/PipelineProcessingModel.java
/Users/jackkilrain/Desktop/Projects/Java/Conduit/core/src/main/java/com/engineersbox/conduit/core/processing/Conduit.java
/Users/jackkilrain/Desktop/Projects/Java/Conduit/core/src/main/java/com/engineersbox/conduit/core/processing/task/TaskBatcher.java
/Users/jackkilrain/Desktop/Projects/Java/Conduit/core/src/main/java/com/engineersbox/conduit/core/processing/task/worker/ClientBoundForkJoinPool.java
/Users/jackkilrain/Desktop/Projects/Java/Conduit/core/src/main/java/com/engineersbox/conduit/core/processing/task/worker/DroppingClientBoundWorkerTask.java
/Users/jackkilrain/Desktop/Projects/Java/Conduit/core/src/main/java/com/engineersbox/conduit/core/processing/task/worker/QueuedForkJoinWorkerThreadFactory.java
/Users/jackkilrain/Desktop/Projects/Java/Conduit/core/src/main/java/com/engineersbox/conduit/core/processing/task/worker/executor/DirectSupplierJobExecutorPool.java
/Users/jackkilrain/Desktop/Projects/Java/Conduit/core/src/main/java/com/engineersbox/conduit/core/processing/task/worker/executor/JobExecutorPool.java
/Users/jackkilrain/Desktop/Projects/Java/Conduit/core/src/main/java/com/engineersbox/conduit/core/processing/task/worker/ClientBoundWorkerTask.java
/Users/jackkilrain/Desktop/Projects/Java/Conduit/core/src/main/java/com/engineersbox/conduit/core/processing/task/worker/ClientBoundForkJoinTask.java
/Users/jackkilrain/Desktop/Projects/Java/Conduit/core/src/main/java/com/engineersbox/conduit/core/processing/task/worker/client/ClientPool.java
/Users/jackkilrain/Desktop/Projects/Java/Conduit/core/src/main/java/com/engineersbox/conduit/core/processing/task/worker/client/DirectSupplierClientPool.java
/Users/jackkilrain/Desktop/Projects/Java/Conduit/core/src/main/java/com/engineersbox/conduit/core/processing/task/worker/client/QueueSuppliedClientPool.java
/Users/jackkilrain/Desktop/Projects/Java/Conduit/core/src/main/java/com/engineersbox/conduit/core/processing/task/worker/ClientBoundForkJoinWorkerThead.java
/Users/jackkilrain/Desktop/Projects/Java/Conduit/core/src/main/java/com/engineersbox/conduit/core/processing/task/TaskExecutorPool.java
/Users/jackkilrain/Desktop/Projects/Java/Conduit/core/src/main/java/com/engineersbox/conduit/core/processing/task/WaitableTaskExecutorPool.java
/Users/jackkilrain/Desktop/Projects/Java/Conduit/core/src/main/java/com/engineersbox/conduit/core/processing/task/MetricProcessingTask.java
/Users/jackkilrain/Desktop/Projects/Java/Conduit/core/src/main/java/com/engineersbox/conduit/core/processing/event/EventDeserialiser.java
/Users/jackkilrain/Desktop/Projects/Java/Conduit/core/src/main/java/com/engineersbox/conduit/core/processing/event/EventsDeserialiser.java
/Users/jackkilrain/Desktop/Projects/Java/Conduit/core/src/main/java/com/engineersbox/conduit/core/processing/event/EventTransformer.java
/Users/jackkilrain/Desktop/Projects/Java/Conduit/core/src/main/java/com/engineersbox/conduit/core/processing/event/EventSerialiser.java
/Users/jackkilrain/Desktop/Projects/Java/Conduit/core/src/main/java/com/engineersbox/conduit/core/processing/generation/TaskBatchGenerator.java
/Users/jackkilrain/Desktop/Projects/Java/Conduit/core/src/main/java/com/engineersbox/conduit/core/processing/generation/TaskBatchGeneratorFactory.java
/Users/jackkilrain/Desktop/Projects/Java/Conduit/core/src/main/java/com/engineersbox/conduit/core/schema/extension/handler/globals/LazyLoadedGlobalsProvider.java
/Users/jackkilrain/Desktop/Projects/Java/Conduit/core/src/main/java/com/engineersbox/conduit/core/schema/extension/handler/globals/GlobalsProvider.java
/Users/jackkilrain/Desktop/Projects/Java/Conduit/core/src/main/java/com/engineersbox/conduit/core/schema/extension/handler/ContextBuiltins.java
/Users/jackkilrain/Desktop/Projects/Java/Conduit/core/src/main/java/com/engineersbox/conduit/core/schema/extension/handler/ContextTransformer.java
/Users/jackkilrain/Desktop/Projects/Java/Conduit/core/src/main/java/com/engineersbox/conduit/core/schema/extension/handler/LuaStdoutSink.java
/Users/jackkilrain/Desktop/Projects/Java/Conduit/core/src/main/java/com/engineersbox/conduit/core/schema/extension/handler/LuaContextHandler.java
/Users/jackkilrain/Desktop/Projects/Java/Conduit/core/src/main/java/com/engineersbox/conduit/core/schema/extension/handler/annotation/LuaContextName.java
/Users/jackkilrain/Desktop/Projects/Java/Conduit/core/src/main/java/com/engineersbox/conduit/core/schema/extension/handler/loader/IsolatedLoader.java
/Users/jackkilrain/Desktop/Projects/Java/Conduit/core/src/main/java/com/engineersbox/conduit/core/schema/extension/handler/loader/HandlerFileType.java
/Users/jackkilrain/Desktop/Projects/Java/Conduit/core/src/main/java/com/engineersbox/conduit/core/schema/extension/ExtensionSchemaPatch.java
/Users/jackkilrain/Desktop/Projects/Java/Conduit/core/src/main/java/com/engineersbox/conduit/core/schema/extension/ExtensionProvider.java
/Users/jackkilrain/Desktop/Projects/Java/Conduit/core/src/main/java/com/engineersbox/conduit/core/schema/extension/ExtensionDeserializer.java
/Users/jackkilrain/Desktop/Projects/Java/Conduit/core/src/main/java/com/engineersbox/conduit/core/schema/extension/ExtensionMetadata.java
/Users/jackkilrain/Desktop/Projects/Java/Conduit/core/src/main/java/com/engineersbox/conduit/core/schema/extension/LuaHandlerExtension.java
/Users/jackkilrain/Desktop/Projects/Java/Conduit/core/src/main/java/com/engineersbox/conduit/core/schema/extension/LuaContextHandlerDeserializer.java
/Users/jackkilrain/Desktop/Projects/Java/Conduit/core/src/main/java/com/engineersbox/conduit/core/schema/Schema.java
/Users/jackkilrain/Desktop/Projects/Java/Conduit/core/src/main/java/com/engineersbox/conduit/core/schema/json/path/CacheProviderRegistrationAspect.aj
/Users/jackkilrain/Desktop/Projects/Java/Conduit/core/src/main/java/com/engineersbox/conduit/core/schema/json/path/AffinityCacheProvider.java
/Users/jackkilrain/Desktop/Projects/Java/Conduit/core/src/main/java/com/engineersbox/conduit/core/schema/json/path/PathFunctionProvider.java
/Users/jackkilrain/Desktop/Projects/Java/Conduit/core/src/main/java/com/engineersbox/conduit/core/schema/json/path/PathFunctionRegistrationAspect.aj
/Users/jackkilrain/Desktop/Projects/Java/Conduit/core/src/main/java/com/engineersbox/conduit/core/schema/json/SuffixFormatDeserializer.java
/Users/jackkilrain/Desktop/Projects/Java/Conduit/core/src/main/java/com/engineersbox/conduit/core/schema/json/DataTypeProvider.java
/Users/jackkilrain/Desktop/Projects/Java/Conduit/core/src/main/java/com/engineersbox/conduit/core/schema/json/JsonPathConfigDeserializer.java
/Users/jackkilrain/Desktop/Projects/Java/Conduit/core/src/main/java/com/engineersbox/conduit/core/schema/metric/DimensionIndex.java
/Users/jackkilrain/Desktop/Projects/Java/Conduit/core/src/main/java/com/engineersbox/conduit/core/schema/metric/ParameterizedMetricType.java
/Users/jackkilrain/Desktop/Projects/Java/Conduit/core/src/main/java/com/engineersbox/conduit/core/schema/metric/Metric.java
/Users/jackkilrain/Desktop/Projects/Java/Conduit/core/src/main/java/com/engineersbox/conduit/core/schema/metric/ParameterizedTypeConstructor.java
/Users/jackkilrain/Desktop/Projects/Java/Conduit/core/src/main/java/com/engineersbox/conduit/core/schema/metric/DimensionallyIndexedRangeMap.java
/Users/jackkilrain/Desktop/Projects/Java/Conduit/core/src/main/java/com/engineersbox/conduit/core/schema/metric/MetricType.java
/Users/jackkilrain/Desktop/Projects/Java/Conduit/core/src/main/java/com/engineersbox/conduit/core/schema/metric/MetricKind.java
/Users/jackkilrain/Desktop/Projects/Java/Conduit/core/src/main/java/com/engineersbox/conduit/core/schema/factory/SingletonMetricsSchemaFactory.java
/Users/jackkilrain/Desktop/Projects/Java/Conduit/core/src/main/java/com/engineersbox/conduit/core/schema/factory/ChecksumRefreshedMetricsSchemaFactory.java
/Users/jackkilrain/Desktop/Projects/Java/Conduit/core/src/main/java/com/engineersbox/conduit/core/schema/factory/MetricsSchemaFactory.java
/Users/jackkilrain/Desktop/Projects/Java/Conduit/core/src/main/java/com/engineersbox/conduit/core/schema/validation/Validator.java
/Users/jackkilrain/Desktop/Projects/Java/Conduit/core/src/main/java/com/engineersbox/conduit/core/retrieval/configuration/AffinityBoundConfigProvider.java
/Users/jackkilrain/Desktop/Projects/Java/Conduit/core/src/main/java/com/engineersbox/conduit/core/retrieval/ingest/IngesterFactory.java
/Users/jackkilrain/Desktop/Projects/Java/Conduit/core/src/main/java/com/engineersbox/conduit/core/retrieval/ingest/connection/ConnectorConfiguration.java
/Users/jackkilrain/Desktop/Projects/Java/Conduit/core/src/main/java/com/engineersbox/conduit/core/retrieval/ingest/connection/ConnectorTypeResolver.java
/Users/jackkilrain/Desktop/Projects/Java/Conduit/core/src/main/java/com/engineersbox/conduit/core/retrieval/ingest/connection/Connector.java
/Users/jackkilrain/Desktop/Projects/Java/Conduit/core/src/main/java/com/engineersbox/conduit/core/retrieval/ingest/connection/builtin/http/HTTPConnectorConfiguration.java
/Users/jackkilrain/Desktop/Projects/Java/Conduit/core/src/main/java/com/engineersbox/conduit/core/retrieval/ingest/connection/builtin/http/HTTPConnector.java
/Users/jackkilrain/Desktop/Projects/Java/Conduit/core/src/main/java/com/engineersbox/conduit/core/retrieval/ingest/connection/builtin/http/build/SSLContextProvider.java
/Users/jackkilrain/Desktop/Projects/Java/Conduit/core/src/main/java/com/engineersbox/conduit/core/retrieval/ingest/connection/builtin/http/build/SSLParametersProvider.java
/Users/jackkilrain/Desktop/Projects/Java/Conduit/core/src/main/java/com/engineersbox/conduit/core/retrieval/ingest/connection/builtin/http/build/AuthenticatorProvider.java
/Users/jackkilrain/Desktop/Projects/Java/Conduit/core/src/main/java/com/engineersbox/conduit/core/retrieval/ingest/connection/builtin/http/build/manager/TrustManagers.java
/Users/jackkilrain/Desktop/Projects/Java/Conduit/core/src/main/java/com/engineersbox/conduit/core/retrieval/ingest/connection/builtin/http/build/manager/Manager.java
/Users/jackkilrain/Desktop/Projects/Java/Conduit/core/src/main/java/com/engineersbox/conduit/core/retrieval/ingest/connection/builtin/http/build/manager/KeyManagers.java
/Users/jackkilrain/Desktop/Projects/Java/Conduit/core/src/main/java/com/engineersbox/conduit/core/retrieval/ingest/connection/builtin/http/build/constraint/AlgorithmConstraintsProvider.java
/Users/jackkilrain/Desktop/Projects/Java/Conduit/core/src/main/java/com/engineersbox/conduit/core/retrieval/ingest/connection/builtin/http/build/constraint/AlgorithmConstraintDeserializer.java
/Users/jackkilrain/Desktop/Projects/Java/Conduit/core/src/main/java/com/engineersbox/conduit/core/retrieval/ingest/connection/builtin/http/UriDeserialiser.java
/Users/jackkilrain/Desktop/Projects/Java/Conduit/core/src/main/java/com/engineersbox/conduit/core/retrieval/ingest/IngestionContext.java
/Users/jackkilrain/Desktop/Projects/Java/Conduit/core/src/main/java/com/engineersbox/conduit/core/retrieval/ingest/Ingester.java
/Users/jackkilrain/Desktop/Projects/Java/Conduit/core/src/main/java/com/engineersbox/conduit/core/retrieval/ingest/Source.java
/Users/jackkilrain/Desktop/Projects/Java/Conduit/core/src/main/java/com/engineersbox/conduit/core/retrieval/path/PathTraversalHandler.java
/Users/jackkilrain/Desktop/Projects/Java/Conduit/core/src/main/java/com/engineersbox/conduit/core/retrieval/content/RetrievalHandler.java
/Users/jackkilrain/Desktop/Projects/Java/Conduit/core/src/main/java/com/engineersbox/conduit/core/retrieval/content/batch/WorkloadBatcher.java
/Users/jackkilrain/Desktop/Projects/Java/Conduit/core/src/main/java/com/engineersbox/conduit/core/retrieval/content/ContentManagerFactory.java
/Users/jackkilrain/Desktop/Projects/Java/Conduit/core/src/main/java/com/engineersbox/conduit/core/retrieval/content/ContentManager.java
/Users/jackkilrain/Desktop/Projects/Java/Conduit/core/src/main/java/com/engineersbox/conduit/core/retrieval/caching/LRUCache.java
/Users/jackkilrain/Desktop/Projects/Java/Conduit/core/src/main/java/com/engineersbox/conduit/compile/luaj/L2JBCC.java
/Users/jackkilrain/Desktop/Projects/Java/Conduit/core/src/main/java/com/engineersbox/conduit/Main.java
